{"C:\\Users\\tgtm8956\\servers\\src\\memory\\index.ts": {"path":"C:\\Users\\tgtm8956\\servers\\src\\memory\\index.ts","statementMap":{"0":{"start":{"line":15,"column":33},"end":{"line":15,"column":null}},"1":{"start":{"line":19,"column":2},"end":{"line":24,"column":null}},"2":{"start":{"line":21,"column":4},"end":{"line":23,"column":null}},"3":{"start":{"line":27,"column":24},"end":{"line":27,"column":null}},"4":{"start":{"line":28,"column":24},"end":{"line":28,"column":null}},"5":{"start":{"line":30,"column":2},"end":{"line":47,"column":null}},"6":{"start":{"line":32,"column":4},"end":{"line":32,"column":null}},"7":{"start":{"line":33,"column":4},"end":{"line":43,"column":null}},"8":{"start":{"line":34,"column":6},"end":{"line":34,"column":null}},"9":{"start":{"line":36,"column":6},"end":{"line":36,"column":null}},"10":{"start":{"line":39,"column":6},"end":{"line":39,"column":null}},"11":{"start":{"line":40,"column":6},"end":{"line":40,"column":null}},"12":{"start":{"line":41,"column":6},"end":{"line":41,"column":null}},"13":{"start":{"line":42,"column":6},"end":{"line":42,"column":null}},"14":{"start":{"line":46,"column":4},"end":{"line":46,"column":null}},"15":{"start":{"line":73,"column":22},"end":{"line":73,"column":46}},"16":{"start":{"line":76,"column":4},"end":{"line":102,"column":null}},"17":{"start":{"line":77,"column":19},"end":{"line":77,"column":null}},"18":{"start":{"line":78,"column":20},"end":{"line":78,"column":null}},"19":{"start":{"line":78,"column":52},"end":{"line":78,"column":70}},"20":{"start":{"line":79,"column":6},"end":{"line":96,"column":null}},"21":{"start":{"line":80,"column":21},"end":{"line":80,"column":null}},"22":{"start":{"line":81,"column":8},"end":{"line":87,"column":null}},"23":{"start":{"line":82,"column":10},"end":{"line":86,"column":null}},"24":{"start":{"line":88,"column":8},"end":{"line":94,"column":null}},"25":{"start":{"line":89,"column":10},"end":{"line":93,"column":null}},"26":{"start":{"line":95,"column":8},"end":{"line":95,"column":null}},"27":{"start":{"line":98,"column":6},"end":{"line":100,"column":null}},"28":{"start":{"line":99,"column":8},"end":{"line":99,"column":null}},"29":{"start":{"line":101,"column":6},"end":{"line":101,"column":null}},"30":{"start":{"line":106,"column":18},"end":{"line":119,"column":null}},"31":{"start":{"line":107,"column":33},"end":{"line":112,"column":8}},"32":{"start":{"line":113,"column":34},"end":{"line":118,"column":8}},"33":{"start":{"line":120,"column":4},"end":{"line":120,"column":null}},"34":{"start":{"line":124,"column":18},"end":{"line":124,"column":null}},"35":{"start":{"line":125,"column":24},"end":{"line":125,"column":null}},"36":{"start":{"line":125,"column":45},"end":{"line":125,"column":115}},"37":{"start":{"line":125,"column":84},"end":{"line":125,"column":114}},"38":{"start":{"line":126,"column":4},"end":{"line":126,"column":null}},"39":{"start":{"line":127,"column":4},"end":{"line":127,"column":null}},"40":{"start":{"line":128,"column":4},"end":{"line":128,"column":null}},"41":{"start":{"line":132,"column":18},"end":{"line":132,"column":null}},"42":{"start":{"line":133,"column":25},"end":{"line":137,"column":null}},"43":{"start":{"line":133,"column":47},"end":{"line":137,"column":5}},"44":{"start":{"line":134,"column":6},"end":{"line":136,"column":null}},"45":{"start":{"line":138,"column":4},"end":{"line":138,"column":null}},"46":{"start":{"line":139,"column":4},"end":{"line":139,"column":null}},"47":{"start":{"line":140,"column":4},"end":{"line":140,"column":null}},"48":{"start":{"line":144,"column":18},"end":{"line":144,"column":null}},"49":{"start":{"line":145,"column":20},"end":{"line":153,"column":null}},"50":{"start":{"line":146,"column":21},"end":{"line":146,"column":null}},"51":{"start":{"line":146,"column":46},"end":{"line":146,"column":69}},"52":{"start":{"line":147,"column":6},"end":{"line":149,"column":null}},"53":{"start":{"line":148,"column":8},"end":{"line":148,"column":null}},"54":{"start":{"line":150,"column":30},"end":{"line":150,"column":null}},"55":{"start":{"line":150,"column":59},"end":{"line":150,"column":97}},"56":{"start":{"line":151,"column":6},"end":{"line":151,"column":null}},"57":{"start":{"line":152,"column":6},"end":{"line":152,"column":null}},"58":{"start":{"line":154,"column":4},"end":{"line":154,"column":null}},"59":{"start":{"line":155,"column":4},"end":{"line":155,"column":null}},"60":{"start":{"line":159,"column":18},"end":{"line":159,"column":null}},"61":{"start":{"line":160,"column":4},"end":{"line":160,"column":null}},"62":{"start":{"line":160,"column":48},"end":{"line":160,"column":77}},"63":{"start":{"line":161,"column":4},"end":{"line":161,"column":null}},"64":{"start":{"line":161,"column":50},"end":{"line":161,"column":110}},"65":{"start":{"line":162,"column":4},"end":{"line":162,"column":null}},"66":{"start":{"line":166,"column":18},"end":{"line":166,"column":null}},"67":{"start":{"line":167,"column":4},"end":{"line":172,"column":null}},"68":{"start":{"line":168,"column":21},"end":{"line":168,"column":null}},"69":{"start":{"line":168,"column":46},"end":{"line":168,"column":69}},"70":{"start":{"line":169,"column":6},"end":{"line":171,"column":null}},"71":{"start":{"line":170,"column":8},"end":{"line":170,"column":null}},"72":{"start":{"line":170,"column":62},"end":{"line":170,"column":89}},"73":{"start":{"line":173,"column":4},"end":{"line":173,"column":null}},"74":{"start":{"line":177,"column":18},"end":{"line":177,"column":null}},"75":{"start":{"line":178,"column":4},"end":{"line":182,"column":null}},"76":{"start":{"line":178,"column":50},"end":{"line":182,"column":5}},"77":{"start":{"line":179,"column":6},"end":{"line":181,"column":null}},"78":{"start":{"line":183,"column":4},"end":{"line":183,"column":null}},"79":{"start":{"line":187,"column":4},"end":{"line":187,"column":null}},"80":{"start":{"line":192,"column":18},"end":{"line":192,"column":null}},"81":{"start":{"line":195,"column":29},"end":{"line":199,"column":null}},"82":{"start":{"line":196,"column":6},"end":{"line":198,"column":null}},"83":{"start":{"line":198,"column":31},"end":{"line":198,"column":76}},"84":{"start":{"line":202,"column":32},"end":{"line":202,"column":null}},"85":{"start":{"line":202,"column":66},"end":{"line":202,"column":72}},"86":{"start":{"line":206,"column":30},"end":{"line":208,"column":null}},"87":{"start":{"line":207,"column":6},"end":{"line":207,"column":null}},"88":{"start":{"line":210,"column":42},"end":{"line":213,"column":null}},"89":{"start":{"line":215,"column":4},"end":{"line":215,"column":null}},"90":{"start":{"line":219,"column":18},"end":{"line":219,"column":null}},"91":{"start":{"line":222,"column":29},"end":{"line":222,"column":null}},"92":{"start":{"line":222,"column":56},"end":{"line":222,"column":78}},"93":{"start":{"line":225,"column":32},"end":{"line":225,"column":null}},"94":{"start":{"line":225,"column":66},"end":{"line":225,"column":72}},"95":{"start":{"line":231,"column":30},"end":{"line":233,"column":null}},"96":{"start":{"line":232,"column":6},"end":{"line":232,"column":null}},"97":{"start":{"line":235,"column":42},"end":{"line":238,"column":null}},"98":{"start":{"line":240,"column":4},"end":{"line":240,"column":null}},"99":{"start":{"line":247,"column":21},"end":{"line":251,"column":null}},"100":{"start":{"line":253,"column":23},"end":{"line":257,"column":null}},"101":{"start":{"line":260,"column":15},"end":{"line":263,"column":null}},"102":{"start":{"line":265,"column":21},"end":{"line":265,"column":null}},"103":{"start":{"line":269,"column":28},"end":{"line":269,"column":null}},"104":{"start":{"line":274,"column":2},"end":{"line":276,"column":null}},"105":{"start":{"line":275,"column":4},"end":{"line":275,"column":null}},"106":{"start":{"line":280,"column":0},"end":{"line":306,"column":null}},"107":{"start":{"line":299,"column":19},"end":{"line":299,"column":null}},"108":{"start":{"line":300,"column":4},"end":{"line":300,"column":null}},"109":{"start":{"line":301,"column":4},"end":{"line":304,"column":null}},"110":{"start":{"line":309,"column":0},"end":{"line":335,"column":null}},"111":{"start":{"line":328,"column":19},"end":{"line":328,"column":null}},"112":{"start":{"line":329,"column":4},"end":{"line":329,"column":null}},"113":{"start":{"line":330,"column":4},"end":{"line":333,"column":null}},"114":{"start":{"line":338,"column":0},"end":{"line":370,"column":null}},"115":{"start":{"line":363,"column":19},"end":{"line":363,"column":null}},"116":{"start":{"line":364,"column":4},"end":{"line":364,"column":null}},"117":{"start":{"line":365,"column":4},"end":{"line":368,"column":null}},"118":{"start":{"line":373,"column":0},"end":{"line":400,"column":null}},"119":{"start":{"line":393,"column":4},"end":{"line":393,"column":null}},"120":{"start":{"line":394,"column":4},"end":{"line":394,"column":null}},"121":{"start":{"line":395,"column":4},"end":{"line":398,"column":null}},"122":{"start":{"line":403,"column":0},"end":{"line":433,"column":null}},"123":{"start":{"line":426,"column":4},"end":{"line":426,"column":null}},"124":{"start":{"line":427,"column":4},"end":{"line":427,"column":null}},"125":{"start":{"line":428,"column":4},"end":{"line":431,"column":null}},"126":{"start":{"line":436,"column":0},"end":{"line":463,"column":null}},"127":{"start":{"line":456,"column":4},"end":{"line":456,"column":null}},"128":{"start":{"line":457,"column":4},"end":{"line":457,"column":null}},"129":{"start":{"line":458,"column":4},"end":{"line":461,"column":null}},"130":{"start":{"line":466,"column":0},"end":{"line":490,"column":null}},"131":{"start":{"line":484,"column":18},"end":{"line":484,"column":null}},"132":{"start":{"line":485,"column":4},"end":{"line":488,"column":null}},"133":{"start":{"line":493,"column":0},"end":{"line":519,"column":null}},"134":{"start":{"line":513,"column":18},"end":{"line":513,"column":null}},"135":{"start":{"line":514,"column":4},"end":{"line":517,"column":null}},"136":{"start":{"line":522,"column":0},"end":{"line":548,"column":null}},"137":{"start":{"line":542,"column":18},"end":{"line":542,"column":null}},"138":{"start":{"line":543,"column":4},"end":{"line":546,"column":null}},"139":{"start":{"line":554,"column":2},"end":{"line":574,"column":null}},"140":{"start":{"line":563,"column":20},"end":{"line":563,"column":null}},"141":{"start":{"line":564,"column":6},"end":{"line":572,"column":null}},"142":{"start":{"line":580,"column":2},"end":{"line":580,"column":null}},"143":{"start":{"line":581,"column":2},"end":{"line":584,"column":null}},"144":{"start":{"line":582,"column":4},"end":{"line":582,"column":null}},"145":{"start":{"line":583,"column":4},"end":{"line":583,"column":null}},"146":{"start":{"line":585,"column":2},"end":{"line":588,"column":null}},"147":{"start":{"line":586,"column":4},"end":{"line":586,"column":null}},"148":{"start":{"line":587,"column":4},"end":{"line":587,"column":null}},"149":{"start":{"line":610,"column":2},"end":{"line":610,"column":null}},"150":{"start":{"line":611,"column":2},"end":{"line":611,"column":null}},"151":{"start":{"line":612,"column":2},"end":{"line":612,"column":null}},"152":{"start":{"line":613,"column":2},"end":{"line":613,"column":null}},"153":{"start":{"line":614,"column":2},"end":{"line":614,"column":null}},"154":{"start":{"line":615,"column":8},"end":{"line":615,"column":null}},"155":{"start":{"line":616,"column":2},"end":{"line":616,"column":null}},"156":{"start":{"line":618,"column":2},"end":{"line":631,"column":null}},"157":{"start":{"line":619,"column":22},"end":{"line":621,"column":null}},"158":{"start":{"line":620,"column":6},"end":{"line":620,"column":null}},"159":{"start":{"line":623,"column":4},"end":{"line":626,"column":null}},"160":{"start":{"line":624,"column":6},"end":{"line":624,"column":null}},"161":{"start":{"line":625,"column":6},"end":{"line":625,"column":null}},"162":{"start":{"line":628,"column":4},"end":{"line":628,"column":null}},"163":{"start":{"line":629,"column":4},"end":{"line":629,"column":null}},"164":{"start":{"line":630,"column":4},"end":{"line":630,"column":null}},"165":{"start":{"line":633,"column":15},"end":{"line":633,"column":null}},"166":{"start":{"line":634,"column":2},"end":{"line":636,"column":null}},"167":{"start":{"line":635,"column":4},"end":{"line":635,"column":null}}},"fnMap":{"0":{"name":"ensureMemoryFilePath","decl":{"start":{"line":18,"column":22},"end":{"line":18,"column":62}},"loc":{"start":{"line":18,"column":62},"end":{"line":48,"column":null}},"line":18},"1":{"name":"constructor","decl":{"start":{"line":73,"column":2},"end":{"line":73,"column":14}},"loc":{"start":{"line":73,"column":46},"end":{"line":73,"column":null}},"line":73},"2":{"name":"loadGraph","decl":{"start":{"line":75,"column":16},"end":{"line":75,"column":53}},"loc":{"start":{"line":75,"column":53},"end":{"line":103,"column":null}},"line":75},"3":{"name":"(anonymous_3)","decl":{"start":{"line":78,"column":37},"end":{"line":78,"column":44}},"loc":{"start":{"line":78,"column":52},"end":{"line":78,"column":70}},"line":78},"4":{"name":"(anonymous_4)","decl":{"start":{"line":79,"column":19},"end":{"line":79,"column":27}},"loc":{"start":{"line":79,"column":59},"end":{"line":96,"column":9}},"line":79},"5":{"name":"saveGraph","decl":{"start":{"line":105,"column":16},"end":{"line":105,"column":26}},"loc":{"start":{"line":105,"column":64},"end":{"line":121,"column":null}},"line":105},"6":{"name":"(anonymous_6)","decl":{"start":{"line":107,"column":24},"end":{"line":107,"column":28}},"loc":{"start":{"line":107,"column":33},"end":{"line":112,"column":8}},"line":107},"7":{"name":"(anonymous_7)","decl":{"start":{"line":113,"column":25},"end":{"line":113,"column":29}},"loc":{"start":{"line":113,"column":34},"end":{"line":118,"column":8}},"line":113},"8":{"name":"createEntities","decl":{"start":{"line":123,"column":8},"end":{"line":123,"column":23}},"loc":{"start":{"line":123,"column":62},"end":{"line":129,"column":null}},"line":123},"9":{"name":"(anonymous_9)","decl":{"start":{"line":125,"column":33},"end":{"line":125,"column":40}},"loc":{"start":{"line":125,"column":45},"end":{"line":125,"column":115}},"line":125},"10":{"name":"(anonymous_10)","decl":{"start":{"line":125,"column":61},"end":{"line":125,"column":66}},"loc":{"start":{"line":125,"column":84},"end":{"line":125,"column":114}},"line":125},"11":{"name":"createRelations","decl":{"start":{"line":131,"column":8},"end":{"line":131,"column":24}},"loc":{"start":{"line":131,"column":68},"end":{"line":141,"column":null}},"line":131},"12":{"name":"(anonymous_12)","decl":{"start":{"line":133,"column":35},"end":{"line":133,"column":42}},"loc":{"start":{"line":133,"column":47},"end":{"line":137,"column":5}},"line":133},"13":{"name":"(anonymous_13)","decl":{"start":{"line":133,"column":64},"end":{"line":133,"column":69}},"loc":{"start":{"line":134,"column":6},"end":{"line":136,"column":null}},"line":134},"14":{"name":"addObservations","decl":{"start":{"line":143,"column":8},"end":{"line":143,"column":24}},"loc":{"start":{"line":143,"column":148},"end":{"line":156,"column":null}},"line":143},"15":{"name":"(anonymous_15)","decl":{"start":{"line":145,"column":33},"end":{"line":145,"column":37}},"loc":{"start":{"line":145,"column":42},"end":{"line":153,"column":5}},"line":145},"16":{"name":"(anonymous_16)","decl":{"start":{"line":146,"column":36},"end":{"line":146,"column":41}},"loc":{"start":{"line":146,"column":46},"end":{"line":146,"column":69}},"line":146},"17":{"name":"(anonymous_17)","decl":{"start":{"line":150,"column":41},"end":{"line":150,"column":48}},"loc":{"start":{"line":150,"column":59},"end":{"line":150,"column":97}},"line":150},"18":{"name":"deleteEntities","decl":{"start":{"line":158,"column":8},"end":{"line":158,"column":23}},"loc":{"start":{"line":158,"column":61},"end":{"line":163,"column":null}},"line":158},"19":{"name":"(anonymous_19)","decl":{"start":{"line":160,"column":36},"end":{"line":160,"column":43}},"loc":{"start":{"line":160,"column":48},"end":{"line":160,"column":77}},"line":160},"20":{"name":"(anonymous_20)","decl":{"start":{"line":161,"column":38},"end":{"line":161,"column":45}},"loc":{"start":{"line":161,"column":50},"end":{"line":161,"column":110}},"line":161},"21":{"name":"deleteObservations","decl":{"start":{"line":165,"column":8},"end":{"line":165,"column":27}},"loc":{"start":{"line":165,"column":103},"end":{"line":174,"column":null}},"line":165},"22":{"name":"(anonymous_22)","decl":{"start":{"line":167,"column":14},"end":{"line":167,"column":22}},"loc":{"start":{"line":167,"column":27},"end":{"line":172,"column":5}},"line":167},"23":{"name":"(anonymous_23)","decl":{"start":{"line":168,"column":36},"end":{"line":168,"column":41}},"loc":{"start":{"line":168,"column":46},"end":{"line":168,"column":69}},"line":168},"24":{"name":"(anonymous_24)","decl":{"start":{"line":170,"column":50},"end":{"line":170,"column":57}},"loc":{"start":{"line":170,"column":62},"end":{"line":170,"column":89}},"line":170},"25":{"name":"deleteRelations","decl":{"start":{"line":176,"column":8},"end":{"line":176,"column":24}},"loc":{"start":{"line":176,"column":62},"end":{"line":184,"column":null}},"line":176},"26":{"name":"(anonymous_26)","decl":{"start":{"line":178,"column":38},"end":{"line":178,"column":45}},"loc":{"start":{"line":178,"column":50},"end":{"line":182,"column":5}},"line":178},"27":{"name":"(anonymous_27)","decl":{"start":{"line":178,"column":61},"end":{"line":178,"column":66}},"loc":{"start":{"line":179,"column":6},"end":{"line":181,"column":null}},"line":179},"28":{"name":"readGraph","decl":{"start":{"line":186,"column":8},"end":{"line":186,"column":45}},"loc":{"start":{"line":186,"column":45},"end":{"line":188,"column":null}},"line":186},"29":{"name":"searchNodes","decl":{"start":{"line":191,"column":8},"end":{"line":191,"column":20}},"loc":{"start":{"line":191,"column":60},"end":{"line":216,"column":null}},"line":191},"30":{"name":"(anonymous_30)","decl":{"start":{"line":195,"column":44},"end":{"line":195,"column":51}},"loc":{"start":{"line":196,"column":6},"end":{"line":198,"column":null}},"line":196},"31":{"name":"(anonymous_31)","decl":{"start":{"line":198,"column":21},"end":{"line":198,"column":26}},"loc":{"start":{"line":198,"column":31},"end":{"line":198,"column":76}},"line":198},"32":{"name":"(anonymous_32)","decl":{"start":{"line":202,"column":57},"end":{"line":202,"column":61}},"loc":{"start":{"line":202,"column":66},"end":{"line":202,"column":72}},"line":202},"33":{"name":"(anonymous_33)","decl":{"start":{"line":206,"column":46},"end":{"line":206,"column":53}},"loc":{"start":{"line":207,"column":6},"end":{"line":207,"column":null}},"line":207},"34":{"name":"openNodes","decl":{"start":{"line":218,"column":8},"end":{"line":218,"column":18}},"loc":{"start":{"line":218,"column":60},"end":{"line":241,"column":null}},"line":218},"35":{"name":"(anonymous_35)","decl":{"start":{"line":222,"column":44},"end":{"line":222,"column":51}},"loc":{"start":{"line":222,"column":56},"end":{"line":222,"column":78}},"line":222},"36":{"name":"(anonymous_36)","decl":{"start":{"line":225,"column":57},"end":{"line":225,"column":61}},"loc":{"start":{"line":225,"column":66},"end":{"line":225,"column":72}},"line":225},"37":{"name":"(anonymous_37)","decl":{"start":{"line":231,"column":46},"end":{"line":231,"column":53}},"loc":{"start":{"line":232,"column":6},"end":{"line":232,"column":null}},"line":232},"38":{"name":"notifyGraphUpdated","decl":{"start":{"line":273,"column":9},"end":{"line":273,"column":30}},"loc":{"start":{"line":273,"column":30},"end":{"line":277,"column":null}},"line":273},"39":{"name":"(anonymous_39)","decl":{"start":{"line":298,"column":2},"end":{"line":298,"column":9}},"loc":{"start":{"line":298,"column":26},"end":{"line":305,"column":null}},"line":298},"40":{"name":"(anonymous_40)","decl":{"start":{"line":327,"column":2},"end":{"line":327,"column":9}},"loc":{"start":{"line":327,"column":27},"end":{"line":334,"column":null}},"line":327},"41":{"name":"(anonymous_41)","decl":{"start":{"line":362,"column":2},"end":{"line":362,"column":9}},"loc":{"start":{"line":362,"column":30},"end":{"line":369,"column":null}},"line":362},"42":{"name":"(anonymous_42)","decl":{"start":{"line":392,"column":2},"end":{"line":392,"column":9}},"loc":{"start":{"line":392,"column":29},"end":{"line":399,"column":null}},"line":392},"43":{"name":"(anonymous_43)","decl":{"start":{"line":425,"column":2},"end":{"line":425,"column":9}},"loc":{"start":{"line":425,"column":27},"end":{"line":432,"column":null}},"line":425},"44":{"name":"(anonymous_44)","decl":{"start":{"line":455,"column":2},"end":{"line":455,"column":9}},"loc":{"start":{"line":455,"column":27},"end":{"line":462,"column":null}},"line":455},"45":{"name":"(anonymous_45)","decl":{"start":{"line":483,"column":2},"end":{"line":483,"column":14}},"loc":{"start":{"line":483,"column":14},"end":{"line":489,"column":null}},"line":483},"46":{"name":"(anonymous_46)","decl":{"start":{"line":512,"column":2},"end":{"line":512,"column":9}},"loc":{"start":{"line":512,"column":23},"end":{"line":518,"column":null}},"line":512},"47":{"name":"(anonymous_47)","decl":{"start":{"line":541,"column":2},"end":{"line":541,"column":9}},"loc":{"start":{"line":541,"column":23},"end":{"line":547,"column":null}},"line":541},"48":{"name":"registerKnowledgeGraphResource","decl":{"start":{"line":550,"column":16},"end":{"line":550,"column":null}},"loc":{"start":{"line":553,"column":2},"end":{"line":575,"column":null}},"line":553},"49":{"name":"(anonymous_49)","decl":{"start":{"line":562,"column":4},"end":{"line":562,"column":11}},"loc":{"start":{"line":562,"column":19},"end":{"line":573,"column":null}},"line":562},"50":{"name":"registerKnowledgeGraphSubscriptions","decl":{"start":{"line":579,"column":16},"end":{"line":579,"column":52}},"loc":{"start":{"line":579,"column":71},"end":{"line":589,"column":null}},"line":579},"51":{"name":"(anonymous_51)","decl":{"start":{"line":581,"column":58},"end":{"line":581,"column":65}},"loc":{"start":{"line":581,"column":77},"end":{"line":584,"column":3}},"line":581},"52":{"name":"(anonymous_52)","decl":{"start":{"line":585,"column":60},"end":{"line":585,"column":67}},"loc":{"start":{"line":585,"column":79},"end":{"line":588,"column":3}},"line":585},"53":{"name":"main","decl":{"start":{"line":609,"column":15},"end":{"line":609,"column":22}},"loc":{"start":{"line":609,"column":22},"end":{"line":637,"column":null}},"line":609},"54":{"name":"(anonymous_54)","decl":{"start":{"line":618,"column":19},"end":{"line":618,"column":26}},"loc":{"start":{"line":618,"column":39},"end":{"line":631,"column":3}},"line":618},"55":{"name":"(anonymous_55)","decl":{"start":{"line":620,"column":6},"end":{"line":620,"column":32}},"loc":{"start":{"line":620,"column":6},"end":{"line":620,"column":null}},"line":620},"56":{"name":"(anonymous_56)","decl":{"start":{"line":623,"column":20},"end":{"line":623,"column":32}},"loc":{"start":{"line":623,"column":32},"end":{"line":626,"column":5}},"line":623},"57":{"name":"(anonymous_57)","decl":{"start":{"line":634,"column":13},"end":{"line":634,"column":25}},"loc":{"start":{"line":634,"column":25},"end":{"line":636,"column":3}},"line":634}},"branchMap":{"0":{"loc":{"start":{"line":19,"column":2},"end":{"line":24,"column":null}},"type":"if","locations":[{"start":{"line":19,"column":2},"end":{"line":24,"column":null}},{"start":{},"end":{}}],"line":19},"1":{"loc":{"start":{"line":21,"column":11},"end":{"line":23,"column":null}},"type":"cond-expr","locations":[{"start":{"line":22,"column":8},"end":{"line":22,"column":null}},{"start":{"line":23,"column":8},"end":{"line":23,"column":null}}],"line":21},"2":{"loc":{"start":{"line":81,"column":8},"end":{"line":87,"column":null}},"type":"if","locations":[{"start":{"line":81,"column":8},"end":{"line":87,"column":null}},{"start":{},"end":{}}],"line":81},"3":{"loc":{"start":{"line":88,"column":8},"end":{"line":94,"column":null}},"type":"if","locations":[{"start":{"line":88,"column":8},"end":{"line":94,"column":null}},{"start":{},"end":{}}],"line":88},"4":{"loc":{"start":{"line":98,"column":6},"end":{"line":100,"column":null}},"type":"if","locations":[{"start":{"line":98,"column":6},"end":{"line":100,"column":null}},{"start":{},"end":{}}],"line":98},"5":{"loc":{"start":{"line":98,"column":10},"end":{"line":98,"column":89}},"type":"binary-expr","locations":[{"start":{"line":98,"column":10},"end":{"line":98,"column":36}},{"start":{"line":98,"column":36},"end":{"line":98,"column":56}},{"start":{"line":98,"column":56},"end":{"line":98,"column":89}}],"line":98},"6":{"loc":{"start":{"line":134,"column":6},"end":{"line":136,"column":null}},"type":"binary-expr","locations":[{"start":{"line":134,"column":6},"end":{"line":134,"column":null}},{"start":{"line":135,"column":6},"end":{"line":135,"column":null}},{"start":{"line":136,"column":6},"end":{"line":136,"column":null}}],"line":134},"7":{"loc":{"start":{"line":147,"column":6},"end":{"line":149,"column":null}},"type":"if","locations":[{"start":{"line":147,"column":6},"end":{"line":149,"column":null}},{"start":{},"end":{}}],"line":147},"8":{"loc":{"start":{"line":161,"column":50},"end":{"line":161,"column":110}},"type":"binary-expr","locations":[{"start":{"line":161,"column":50},"end":{"line":161,"column":83}},{"start":{"line":161,"column":83},"end":{"line":161,"column":110}}],"line":161},"9":{"loc":{"start":{"line":169,"column":6},"end":{"line":171,"column":null}},"type":"if","locations":[{"start":{"line":169,"column":6},"end":{"line":171,"column":null}},{"start":{},"end":{}}],"line":169},"10":{"loc":{"start":{"line":179,"column":6},"end":{"line":181,"column":null}},"type":"binary-expr","locations":[{"start":{"line":179,"column":6},"end":{"line":179,"column":null}},{"start":{"line":180,"column":6},"end":{"line":180,"column":null}},{"start":{"line":181,"column":6},"end":{"line":181,"column":null}}],"line":179},"11":{"loc":{"start":{"line":196,"column":6},"end":{"line":198,"column":null}},"type":"binary-expr","locations":[{"start":{"line":196,"column":6},"end":{"line":196,"column":null}},{"start":{"line":197,"column":6},"end":{"line":197,"column":null}},{"start":{"line":198,"column":6},"end":{"line":198,"column":null}}],"line":196},"12":{"loc":{"start":{"line":207,"column":6},"end":{"line":207,"column":null}},"type":"binary-expr","locations":[{"start":{"line":207,"column":6},"end":{"line":207,"column":41}},{"start":{"line":207,"column":41},"end":{"line":207,"column":null}}],"line":207},"13":{"loc":{"start":{"line":232,"column":6},"end":{"line":232,"column":null}},"type":"binary-expr","locations":[{"start":{"line":232,"column":6},"end":{"line":232,"column":41}},{"start":{"line":232,"column":41},"end":{"line":232,"column":null}}],"line":232},"14":{"loc":{"start":{"line":274,"column":2},"end":{"line":276,"column":null}},"type":"if","locations":[{"start":{"line":274,"column":2},"end":{"line":276,"column":null}},{"start":{},"end":{}}],"line":274},"15":{"loc":{"start":{"line":633,"column":15},"end":{"line":633,"column":null}},"type":"binary-expr","locations":[{"start":{"line":633,"column":15},"end":{"line":633,"column":35}},{"start":{"line":633,"column":35},"end":{"line":633,"column":null}}],"line":633}},"s":{"0":3,"1":7,"2":3,"3":4,"4":4,"5":4,"6":4,"7":3,"8":3,"9":1,"10":2,"11":2,"12":2,"13":2,"14":1,"15":40,"16":99,"17":99,"18":63,"19":178,"20":63,"21":176,"22":176,"23":136,"24":176,"25":40,"26":176,"27":36,"28":36,"29":0,"30":66,"31":137,"32":41,"33":66,"34":32,"35":32,"36":68,"37":1,"38":32,"39":32,"40":32,"41":25,"42":25,"43":40,"44":1,"45":25,"46":25,"47":25,"48":4,"49":4,"50":4,"51":3,"52":4,"53":1,"54":3,"55":5,"56":3,"57":3,"58":4,"59":3,"60":3,"61":3,"62":5,"63":3,"64":2,"65":3,"66":2,"67":2,"68":2,"69":1,"70":2,"71":1,"72":2,"73":2,"74":1,"75":1,"76":2,"77":2,"78":1,"79":16,"80":8,"81":8,"82":22,"83":19,"84":8,"85":8,"86":8,"87":15,"88":8,"89":8,"90":8,"91":8,"92":23,"93":8,"94":9,"95":8,"96":15,"97":8,"98":8,"99":3,"100":3,"101":3,"102":3,"103":3,"104":0,"105":0,"106":3,"107":0,"108":0,"109":0,"110":3,"111":0,"112":0,"113":0,"114":3,"115":0,"116":0,"117":0,"118":3,"119":0,"120":0,"121":0,"122":3,"123":0,"124":0,"125":0,"126":3,"127":0,"128":0,"129":0,"130":3,"131":0,"132":0,"133":3,"134":0,"135":0,"136":3,"137":0,"138":0,"139":2,"140":1,"141":1,"142":3,"143":3,"144":1,"145":1,"146":3,"147":1,"148":1,"149":0,"150":0,"151":0,"152":0,"153":0,"154":0,"155":0,"156":0,"157":0,"158":0,"159":0,"160":0,"161":0,"162":0,"163":0,"164":0,"165":0,"166":0,"167":0},"f":{"0":7,"1":40,"2":99,"3":178,"4":176,"5":66,"6":137,"7":41,"8":32,"9":68,"10":1,"11":25,"12":40,"13":1,"14":4,"15":4,"16":3,"17":5,"18":3,"19":5,"20":2,"21":2,"22":2,"23":1,"24":2,"25":1,"26":2,"27":2,"28":16,"29":8,"30":22,"31":19,"32":8,"33":15,"34":8,"35":23,"36":9,"37":15,"38":0,"39":0,"40":0,"41":0,"42":0,"43":0,"44":0,"45":0,"46":0,"47":0,"48":2,"49":1,"50":3,"51":1,"52":1,"53":0,"54":0,"55":0,"56":0,"57":0},"b":{"0":[3,4],"1":[2,1],"2":[136,40],"3":[40,136],"4":[36,0],"5":[36,36,36],"6":[1,1,1],"7":[1,3],"8":[2,1],"9":[1,1],"10":[2,2,2],"11":[22,17,16],"12":[15,9],"13":[15,8],"14":[0,0],"15":[0,0]},"meta":{"lastBranch":16,"lastFunction":58,"lastStatement":168,"seen":{"s:15:33:15:Infinity":0,"f:18:22:18:62":0,"b:19:2:24:Infinity:undefined:undefined:undefined:undefined":0,"s:19:2:24:Infinity":1,"s:21:4:23:Infinity":2,"b:22:8:22:Infinity:23:8:23:Infinity":1,"s:27:24:27:Infinity":3,"s:28:24:28:Infinity":4,"s:30:2:47:Infinity":5,"s:32:4:32:Infinity":6,"s:33:4:43:Infinity":7,"s:34:6:34:Infinity":8,"s:36:6:36:Infinity":9,"s:39:6:39:Infinity":10,"s:40:6:40:Infinity":11,"s:41:6:41:Infinity":12,"s:42:6:42:Infinity":13,"s:46:4:46:Infinity":14,"f:73:2:73:14":1,"s:73:22:73:46":15,"f:75:16:75:53":2,"s:76:4:102:Infinity":16,"s:77:19:77:Infinity":17,"s:78:20:78:Infinity":18,"f:78:37:78:44":3,"s:78:52:78:70":19,"s:79:6:96:Infinity":20,"f:79:19:79:27":4,"s:80:21:80:Infinity":21,"b:81:8:87:Infinity:undefined:undefined:undefined:undefined":2,"s:81:8:87:Infinity":22,"s:82:10:86:Infinity":23,"b:88:8:94:Infinity:undefined:undefined:undefined:undefined":3,"s:88:8:94:Infinity":24,"s:89:10:93:Infinity":25,"s:95:8:95:Infinity":26,"b:98:6:100:Infinity:undefined:undefined:undefined:undefined":4,"s:98:6:100:Infinity":27,"b:98:10:98:36:98:36:98:56:98:56:98:89":5,"s:99:8:99:Infinity":28,"s:101:6:101:Infinity":29,"f:105:16:105:26":5,"s:106:18:119:Infinity":30,"f:107:24:107:28":6,"s:107:33:112:8":31,"f:113:25:113:29":7,"s:113:34:118:8":32,"s:120:4:120:Infinity":33,"f:123:8:123:23":8,"s:124:18:124:Infinity":34,"s:125:24:125:Infinity":35,"f:125:33:125:40":9,"s:125:45:125:115":36,"f:125:61:125:66":10,"s:125:84:125:114":37,"s:126:4:126:Infinity":38,"s:127:4:127:Infinity":39,"s:128:4:128:Infinity":40,"f:131:8:131:24":11,"s:132:18:132:Infinity":41,"s:133:25:137:Infinity":42,"f:133:35:133:42":12,"s:133:47:137:5":43,"f:133:64:133:69":13,"s:134:6:136:Infinity":44,"b:134:6:134:Infinity:135:6:135:Infinity:136:6:136:Infinity":6,"s:138:4:138:Infinity":45,"s:139:4:139:Infinity":46,"s:140:4:140:Infinity":47,"f:143:8:143:24":14,"s:144:18:144:Infinity":48,"s:145:20:153:Infinity":49,"f:145:33:145:37":15,"s:146:21:146:Infinity":50,"f:146:36:146:41":16,"s:146:46:146:69":51,"b:147:6:149:Infinity:undefined:undefined:undefined:undefined":7,"s:147:6:149:Infinity":52,"s:148:8:148:Infinity":53,"s:150:30:150:Infinity":54,"f:150:41:150:48":17,"s:150:59:150:97":55,"s:151:6:151:Infinity":56,"s:152:6:152:Infinity":57,"s:154:4:154:Infinity":58,"s:155:4:155:Infinity":59,"f:158:8:158:23":18,"s:159:18:159:Infinity":60,"s:160:4:160:Infinity":61,"f:160:36:160:43":19,"s:160:48:160:77":62,"s:161:4:161:Infinity":63,"f:161:38:161:45":20,"s:161:50:161:110":64,"b:161:50:161:83:161:83:161:110":8,"s:162:4:162:Infinity":65,"f:165:8:165:27":21,"s:166:18:166:Infinity":66,"s:167:4:172:Infinity":67,"f:167:14:167:22":22,"s:168:21:168:Infinity":68,"f:168:36:168:41":23,"s:168:46:168:69":69,"b:169:6:171:Infinity:undefined:undefined:undefined:undefined":9,"s:169:6:171:Infinity":70,"s:170:8:170:Infinity":71,"f:170:50:170:57":24,"s:170:62:170:89":72,"s:173:4:173:Infinity":73,"f:176:8:176:24":25,"s:177:18:177:Infinity":74,"s:178:4:182:Infinity":75,"f:178:38:178:45":26,"s:178:50:182:5":76,"f:178:61:178:66":27,"s:179:6:181:Infinity":77,"b:179:6:179:Infinity:180:6:180:Infinity:181:6:181:Infinity":10,"s:183:4:183:Infinity":78,"f:186:8:186:45":28,"s:187:4:187:Infinity":79,"f:191:8:191:20":29,"s:192:18:192:Infinity":80,"s:195:29:199:Infinity":81,"f:195:44:195:51":30,"s:196:6:198:Infinity":82,"b:196:6:196:Infinity:197:6:197:Infinity:198:6:198:Infinity":11,"f:198:21:198:26":31,"s:198:31:198:76":83,"s:202:32:202:Infinity":84,"f:202:57:202:61":32,"s:202:66:202:72":85,"s:206:30:208:Infinity":86,"f:206:46:206:53":33,"s:207:6:207:Infinity":87,"b:207:6:207:41:207:41:207:Infinity":12,"s:210:42:213:Infinity":88,"s:215:4:215:Infinity":89,"f:218:8:218:18":34,"s:219:18:219:Infinity":90,"s:222:29:222:Infinity":91,"f:222:44:222:51":35,"s:222:56:222:78":92,"s:225:32:225:Infinity":93,"f:225:57:225:61":36,"s:225:66:225:72":94,"s:231:30:233:Infinity":95,"f:231:46:231:53":37,"s:232:6:232:Infinity":96,"b:232:6:232:41:232:41:232:Infinity":13,"s:235:42:238:Infinity":97,"s:240:4:240:Infinity":98,"s:247:21:251:Infinity":99,"s:253:23:257:Infinity":100,"s:260:15:263:Infinity":101,"s:265:21:265:Infinity":102,"s:269:28:269:Infinity":103,"f:273:9:273:30":38,"b:274:2:276:Infinity:undefined:undefined:undefined:undefined":14,"s:274:2:276:Infinity":104,"s:275:4:275:Infinity":105,"s:280:0:306:Infinity":106,"f:298:2:298:9":39,"s:299:19:299:Infinity":107,"s:300:4:300:Infinity":108,"s:301:4:304:Infinity":109,"s:309:0:335:Infinity":110,"f:327:2:327:9":40,"s:328:19:328:Infinity":111,"s:329:4:329:Infinity":112,"s:330:4:333:Infinity":113,"s:338:0:370:Infinity":114,"f:362:2:362:9":41,"s:363:19:363:Infinity":115,"s:364:4:364:Infinity":116,"s:365:4:368:Infinity":117,"s:373:0:400:Infinity":118,"f:392:2:392:9":42,"s:393:4:393:Infinity":119,"s:394:4:394:Infinity":120,"s:395:4:398:Infinity":121,"s:403:0:433:Infinity":122,"f:425:2:425:9":43,"s:426:4:426:Infinity":123,"s:427:4:427:Infinity":124,"s:428:4:431:Infinity":125,"s:436:0:463:Infinity":126,"f:455:2:455:9":44,"s:456:4:456:Infinity":127,"s:457:4:457:Infinity":128,"s:458:4:461:Infinity":129,"s:466:0:490:Infinity":130,"f:483:2:483:14":45,"s:484:18:484:Infinity":131,"s:485:4:488:Infinity":132,"s:493:0:519:Infinity":133,"f:512:2:512:9":46,"s:513:18:513:Infinity":134,"s:514:4:517:Infinity":135,"s:522:0:548:Infinity":136,"f:541:2:541:9":47,"s:542:18:542:Infinity":137,"s:543:4:546:Infinity":138,"f:550:16:550:Infinity":48,"s:554:2:574:Infinity":139,"f:562:4:562:11":49,"s:563:20:563:Infinity":140,"s:564:6:572:Infinity":141,"f:579:16:579:52":50,"s:580:2:580:Infinity":142,"s:581:2:584:Infinity":143,"f:581:58:581:65":51,"s:582:4:582:Infinity":144,"s:583:4:583:Infinity":145,"s:585:2:588:Infinity":146,"f:585:60:585:67":52,"s:586:4:586:Infinity":147,"s:587:4:587:Infinity":148,"f:609:15:609:22":53,"s:610:2:610:Infinity":149,"s:611:2:611:Infinity":150,"s:612:2:612:Infinity":151,"s:613:2:613:Infinity":152,"s:614:2:614:Infinity":153,"s:615:8:615:Infinity":154,"s:616:2:616:Infinity":155,"s:618:2:631:Infinity":156,"f:618:19:618:26":54,"s:619:22:621:Infinity":157,"f:620:6:620:32":55,"s:620:6:620:Infinity":158,"s:623:4:626:Infinity":159,"f:623:20:623:32":56,"s:624:6:624:Infinity":160,"s:625:6:625:Infinity":161,"s:628:4:628:Infinity":162,"s:629:4:629:Infinity":163,"s:630:4:630:Infinity":164,"s:633:15:633:Infinity":165,"b:633:15:633:35:633:35:633:Infinity":15,"s:634:2:636:Infinity":166,"f:634:13:634:25":57,"s:635:4:635:Infinity":167},"fnNames":{}}}
}
